[2023-09-25 17:00:36Z INFO HostContext] No proxy settings were found based on environmental variables (http_proxy/https_proxy/HTTP_PROXY/HTTPS_PROXY)
[2023-09-25 17:00:36Z INFO HostContext] Well known directory 'Bin': 'C:\Users\small\Desktop\Cisco\actions-runner\bin'
[2023-09-25 17:00:36Z INFO HostContext] Well known directory 'Root': 'C:\Users\small\Desktop\Cisco\actions-runner'
[2023-09-25 17:00:36Z INFO HostContext] Well known config file 'Credentials': 'C:\Users\small\Desktop\Cisco\actions-runner\.credentials'
[2023-09-25 17:00:36Z INFO HostContext] Well known directory 'Bin': 'C:\Users\small\Desktop\Cisco\actions-runner\bin'
[2023-09-25 17:00:36Z INFO HostContext] Well known directory 'Root': 'C:\Users\small\Desktop\Cisco\actions-runner'
[2023-09-25 17:00:36Z INFO HostContext] Well known config file 'Runner': 'C:\Users\small\Desktop\Cisco\actions-runner\.runner'
[2023-09-25 17:00:36Z INFO Listener] Runner is built for Windows (X64) - win-x64.
[2023-09-25 17:00:36Z INFO Listener] RuntimeInformation: Microsoft Windows 10.0.22621.
[2023-09-25 17:00:36Z INFO Listener] Version: 2.309.0
[2023-09-25 17:00:36Z INFO Listener] Commit: bdfef345577cb66994787a4166e717744da6379f
[2023-09-25 17:00:36Z INFO Listener] Culture: ru-RU
[2023-09-25 17:00:36Z INFO Listener] UI Culture: ru-RU
[2023-09-25 17:00:36Z INFO HostContext] Well known directory 'Bin': 'C:\Users\small\Desktop\Cisco\actions-runner\bin'
[2023-09-25 17:00:36Z INFO HostContext] Well known directory 'Root': 'C:\Users\small\Desktop\Cisco\actions-runner'
[2023-09-25 17:00:36Z INFO Listener] Validating directory permissions for: 'C:\Users\small\Desktop\Cisco\actions-runner'
[2023-09-25 17:00:36Z INFO CommandLineParser] Parse
[2023-09-25 17:00:36Z INFO CommandLineParser] Parsing 5 args
[2023-09-25 17:00:36Z INFO CommandLineParser] parsing argument
[2023-09-25 17:00:36Z INFO CommandLineParser] HasArgs: False
[2023-09-25 17:00:36Z INFO CommandLineParser] Adding Command: configure
[2023-09-25 17:00:36Z INFO CommandLineParser] parsing argument
[2023-09-25 17:00:36Z INFO CommandLineParser] HasArgs: True
[2023-09-25 17:00:36Z INFO CommandLineParser] arg: url
[2023-09-25 17:00:36Z INFO CommandLineParser] parsing argument
[2023-09-25 17:00:36Z INFO CommandLineParser] HasArgs: True
[2023-09-25 17:00:36Z INFO CommandLineParser] Adding option 'url': 'https://github.com/Smallstorm/CiscoLab'
[2023-09-25 17:00:36Z INFO CommandLineParser] parsing argument
[2023-09-25 17:00:36Z INFO CommandLineParser] HasArgs: True
[2023-09-25 17:00:36Z INFO CommandLineParser] arg: token
[2023-09-25 17:00:36Z INFO CommandLineParser] parsing argument
[2023-09-25 17:00:36Z INFO CommandLineParser] HasArgs: True
[2023-09-25 17:00:36Z INFO CommandLineParser] Adding option 'token': '***'
[2023-09-25 17:00:36Z INFO Listener] Arguments parsed
[2023-09-25 17:00:36Z INFO Runner] ExecuteCommand
[2023-09-25 17:00:36Z INFO ConfigurationStore] currentAssemblyLocation: C:\Users\small\Desktop\Cisco\actions-runner\bin\Runner.Listener.dll
[2023-09-25 17:00:36Z INFO HostContext] Well known directory 'Bin': 'C:\Users\small\Desktop\Cisco\actions-runner\bin'
[2023-09-25 17:00:36Z INFO ConfigurationStore] binPath: C:\Users\small\Desktop\Cisco\actions-runner\bin
[2023-09-25 17:00:36Z INFO HostContext] Well known directory 'Bin': 'C:\Users\small\Desktop\Cisco\actions-runner\bin'
[2023-09-25 17:00:36Z INFO HostContext] Well known directory 'Root': 'C:\Users\small\Desktop\Cisco\actions-runner'
[2023-09-25 17:00:36Z INFO ConfigurationStore] RootFolder: C:\Users\small\Desktop\Cisco\actions-runner
[2023-09-25 17:00:36Z INFO HostContext] Well known directory 'Bin': 'C:\Users\small\Desktop\Cisco\actions-runner\bin'
[2023-09-25 17:00:36Z INFO HostContext] Well known directory 'Root': 'C:\Users\small\Desktop\Cisco\actions-runner'
[2023-09-25 17:00:36Z INFO HostContext] Well known config file 'Runner': 'C:\Users\small\Desktop\Cisco\actions-runner\.runner'
[2023-09-25 17:00:36Z INFO ConfigurationStore] ConfigFilePath: C:\Users\small\Desktop\Cisco\actions-runner\.runner
[2023-09-25 17:00:36Z INFO HostContext] Well known directory 'Bin': 'C:\Users\small\Desktop\Cisco\actions-runner\bin'
[2023-09-25 17:00:36Z INFO HostContext] Well known directory 'Root': 'C:\Users\small\Desktop\Cisco\actions-runner'
[2023-09-25 17:00:36Z INFO HostContext] Well known config file 'Credentials': 'C:\Users\small\Desktop\Cisco\actions-runner\.credentials'
[2023-09-25 17:00:36Z INFO ConfigurationStore] CredFilePath: C:\Users\small\Desktop\Cisco\actions-runner\.credentials
[2023-09-25 17:00:36Z INFO HostContext] Well known directory 'Bin': 'C:\Users\small\Desktop\Cisco\actions-runner\bin'
[2023-09-25 17:00:36Z INFO HostContext] Well known directory 'Root': 'C:\Users\small\Desktop\Cisco\actions-runner'
[2023-09-25 17:00:36Z INFO HostContext] Well known config file 'MigratedCredentials': 'C:\Users\small\Desktop\Cisco\actions-runner\.credentials_migrated'
[2023-09-25 17:00:36Z INFO ConfigurationStore] MigratedCredFilePath: C:\Users\small\Desktop\Cisco\actions-runner\.credentials_migrated
[2023-09-25 17:00:36Z INFO HostContext] Well known directory 'Bin': 'C:\Users\small\Desktop\Cisco\actions-runner\bin'
[2023-09-25 17:00:36Z INFO HostContext] Well known directory 'Root': 'C:\Users\small\Desktop\Cisco\actions-runner'
[2023-09-25 17:00:36Z INFO HostContext] Well known config file 'Service': 'C:\Users\small\Desktop\Cisco\actions-runner\.service'
[2023-09-25 17:00:36Z INFO ConfigurationStore] ServiceConfigFilePath: C:\Users\small\Desktop\Cisco\actions-runner\.service
[2023-09-25 17:00:36Z INFO CommandSettings] Flag 'help': 'False'
[2023-09-25 17:00:36Z INFO CommandSettings] Flag 'version': 'False'
[2023-09-25 17:00:36Z INFO CommandSettings] Flag 'commit': 'False'
[2023-09-25 17:00:36Z INFO CommandSettings] Flag 'check': 'False'
[2023-09-25 17:00:36Z INFO CommandSettings] Command 'configure': 'True'
[2023-09-25 17:00:36Z INFO Terminal] WRITE LINE: 
[2023-09-25 17:00:36Z INFO Terminal] WRITE LINE: --------------------------------------------------------------------------------
[2023-09-25 17:00:36Z INFO Terminal] WRITE LINE: |        ____ _ _   _   _       _          _        _   _                      |
[2023-09-25 17:00:36Z INFO Terminal] WRITE LINE: |       / ___(_) |_| | | |_   _| |__      / \   ___| |_(_) ___  _ __  ___      |
[2023-09-25 17:00:36Z INFO Terminal] WRITE LINE: |      | |  _| | __| |_| | | | | '_ \    / _ \ / __| __| |/ _ \| '_ \/ __|     |
[2023-09-25 17:00:36Z INFO Terminal] WRITE LINE: |      | |_| | | |_|  _  | |_| | |_) |  / ___ \ (__| |_| | (_) | | | \__ \     |
[2023-09-25 17:00:36Z INFO Terminal] WRITE LINE: |       \____|_|\__|_| |_|\__,_|_.__/  /_/   \_\___|\__|_|\___/|_| |_|___/     |
[2023-09-25 17:00:36Z INFO Terminal] WRITE LINE: |                                                                              |
[2023-09-25 17:00:36Z INFO Terminal] WRITE: |                       
[2023-09-25 17:00:36Z INFO Terminal] WRITE: Self-hosted runner registration
[2023-09-25 17:00:36Z INFO Terminal] WRITE LINE:                         |
[2023-09-25 17:00:36Z INFO Terminal] WRITE LINE: |                                                                              |
[2023-09-25 17:00:36Z INFO Terminal] WRITE LINE: --------------------------------------------------------------------------------
[2023-09-25 17:00:36Z INFO ConfigurationManager] ConfigureAsync
[2023-09-25 17:00:36Z INFO CommandSettings] Flag 'generateServiceConfig': 'False'
[2023-09-25 17:00:36Z INFO ConfigurationStore] IsConfigured()
[2023-09-25 17:00:36Z INFO ConfigurationStore] IsConfigured: False
[2023-09-25 17:00:36Z INFO ConfigurationManager] Is configured: False
[2023-09-25 17:00:36Z INFO CommandSettings] Arg 'url': 'https://github.com/Smallstorm/CiscoLab'
[2023-09-25 17:00:36Z INFO CommandSettings] Remove url from Arg dictionary.
[2023-09-25 17:00:36Z INFO CommandSettings] Arg 'token': '***'
[2023-09-25 17:00:36Z INFO CommandSettings] Remove token from Arg dictionary.
[2023-09-25 17:00:38Z INFO ConfigurationManager] Http response code: OK from 'POST https://api.github.com/actions/runner-registration' (E07F:131AA:CB3DA0:CCC7D0:6511BCB3)
[2023-09-25 17:00:38Z INFO ConfigurationManager] Using V2 flow: False
[2023-09-25 17:00:38Z INFO ConfigurationManager] cred retrieved via GitHub auth
[2023-09-25 17:00:38Z INFO RunnerServer] EstablishVssConnection
[2023-09-25 17:00:38Z INFO RunnerServer] Establish connection with 100 seconds timeout.
[2023-09-25 17:00:38Z INFO GitHubActionsService] Starting operation Location.GetConnectionData
[2023-09-25 17:00:38Z INFO RunnerServer] EstablishVssConnection
[2023-09-25 17:00:38Z INFO RunnerServer] Establish connection with 60 seconds timeout.
[2023-09-25 17:00:38Z INFO GitHubActionsService] Starting operation Location.GetConnectionData
[2023-09-25 17:00:38Z INFO RunnerServer] EstablishVssConnection
[2023-09-25 17:00:38Z INFO RunnerServer] Establish connection with 60 seconds timeout.
[2023-09-25 17:00:38Z INFO GitHubActionsService] Starting operation Location.GetConnectionData
[2023-09-25 17:00:38Z INFO GitHubActionsService] Finished operation Location.GetConnectionData
[2023-09-25 17:00:38Z INFO GitHubActionsService] Finished operation Location.GetConnectionData
[2023-09-25 17:00:38Z INFO GitHubActionsService] Finished operation Location.GetConnectionData
[2023-09-25 17:00:38Z INFO Terminal] WRITE LINE: 
[2023-09-25 17:00:38Z INFO ConfigurationManager] Test Connection complete.
[2023-09-25 17:00:38Z INFO HostContext] Well known directory 'Bin': 'C:\Users\small\Desktop\Cisco\actions-runner\bin'
[2023-09-25 17:00:38Z INFO HostContext] Well known directory 'Root': 'C:\Users\small\Desktop\Cisco\actions-runner'
[2023-09-25 17:00:38Z INFO HostContext] Well known config file 'RSACredentials': 'C:\Users\small\Desktop\Cisco\actions-runner\.credentials_rsaparams'
[2023-09-25 17:00:38Z INFO RSAEncryptedFileKeyManager] Creating new RSA key using 2048-bit key length
[2023-09-25 17:00:38Z INFO RSAEncryptedFileKeyManager] Successfully saved RSA key parameters to file C:\Users\small\Desktop\Cisco\actions-runner\.credentials_rsaparams
[2023-09-25 17:00:39Z INFO CommandSettings] Arg 'runnergroup': ''
[2023-09-25 17:00:39Z INFO CommandSettings] Flag 'unattended': 'False'
[2023-09-25 17:00:39Z INFO PromptManager] ReadValue
[2023-09-25 17:00:39Z INFO Terminal] WRITE: Enter the name of the runner group to add this runner to: 
[2023-09-25 17:00:39Z INFO Terminal] WRITE: [press Enter for Default] 
[2023-09-25 17:00:39Z INFO Terminal] READ LINE
[2023-09-25 17:00:43Z INFO Terminal] Read value: ''
[2023-09-25 17:00:43Z INFO PromptManager] Falling back to the default: 'Default'
[2023-09-25 17:00:43Z INFO Terminal] WRITE LINE: 
[2023-09-25 17:00:43Z INFO ConfigurationManager] Found a self-hosted runner group with id 1 and name Default
[2023-09-25 17:00:43Z INFO CommandSettings] Flag 'disableupdate': 'False'
[2023-09-25 17:00:43Z INFO CommandSettings] Flag 'ephemeral': 'False'
[2023-09-25 17:00:43Z INFO CommandSettings] Arg 'name': ''
[2023-09-25 17:00:43Z INFO CommandSettings] Flag 'unattended': 'False'
[2023-09-25 17:00:43Z INFO PromptManager] ReadValue
[2023-09-25 17:00:43Z INFO Terminal] WRITE: Enter the name of runner: 
[2023-09-25 17:00:43Z INFO Terminal] WRITE: [press Enter for LAPTOP-UL6AUETA] 
[2023-09-25 17:00:43Z INFO Terminal] READ LINE
[2023-09-25 17:00:46Z INFO Terminal] Read value: ''
[2023-09-25 17:00:46Z INFO PromptManager] Falling back to the default: 'LAPTOP-UL6AUETA'
[2023-09-25 17:00:46Z INFO Terminal] WRITE LINE: 
[2023-09-25 17:00:46Z INFO CommandSettings] Arg 'labels': ''
[2023-09-25 17:00:46Z INFO CommandSettings] Flag 'unattended': 'False'
[2023-09-25 17:00:46Z INFO PromptManager] ReadValue
[2023-09-25 17:00:46Z INFO Terminal] WRITE: This runner will have the following labels: 'self-hosted', 'Windows', 'X64' 
Enter any additional labels (ex. label-1,label-2): 
[2023-09-25 17:00:46Z INFO Terminal] WRITE: [press Enter to skip] 
[2023-09-25 17:00:46Z INFO Terminal] READ LINE
[2023-09-25 17:00:47Z INFO Terminal] Read value: ''
[2023-09-25 17:00:47Z INFO Terminal] WRITE LINE: 
[2023-09-25 17:00:48Z INFO CommandSettings] Flag 'disableupdate': 'False'
[2023-09-25 17:00:48Z INFO CommandSettings] Flag 'no-default-labels': 'False'
[2023-09-25 17:00:48Z INFO CommandSettings] Flag 'disableupdate': 'False'
[2023-09-25 17:00:48Z INFO CommandSettings] Flag 'ephemeral': 'False'
[2023-09-25 17:00:48Z INFO ConfigurationStore] Saving OAuth credential @ C:\Users\small\Desktop\Cisco\actions-runner\.credentials
[2023-09-25 17:00:48Z INFO ConfigurationStore] Credentials Saved.
[2023-09-25 17:00:48Z INFO ConfigurationStore] HasCredentials()
[2023-09-25 17:00:48Z INFO ConfigurationStore] stored True
[2023-09-25 17:00:48Z INFO CredentialManager] GetCredentialProvider
[2023-09-25 17:00:48Z INFO CredentialManager] Creating type OAuth
[2023-09-25 17:00:48Z INFO CredentialManager] Creating credential type: OAuth
[2023-09-25 17:00:48Z INFO RSAEncryptedFileKeyManager] Loading RSA key parameters from file C:\Users\small\Desktop\Cisco\actions-runner\.credentials_rsaparams
[2023-09-25 17:00:48Z INFO RunnerServer] EstablishVssConnection
[2023-09-25 17:00:48Z INFO RunnerServer] Establish connection with 100 seconds timeout.
[2023-09-25 17:00:48Z INFO GitHubActionsService] Starting operation Location.GetConnectionData
[2023-09-25 17:00:48Z INFO RunnerServer] EstablishVssConnection
[2023-09-25 17:00:48Z INFO RunnerServer] Establish connection with 60 seconds timeout.
[2023-09-25 17:00:48Z INFO GitHubActionsService] Starting operation Location.GetConnectionData
[2023-09-25 17:00:48Z INFO RunnerServer] EstablishVssConnection
[2023-09-25 17:00:48Z INFO RunnerServer] Establish connection with 60 seconds timeout.
[2023-09-25 17:00:48Z INFO GitHubActionsService] Starting operation Location.GetConnectionData
[2023-09-25 17:00:48Z INFO GitHubActionsService] Finished operation Location.GetConnectionData
[2023-09-25 17:00:49Z INFO GitHubActionsService] Finished operation Location.GetConnectionData
[2023-09-25 17:00:49Z INFO GitHubActionsService] Finished operation Location.GetConnectionData
[2023-09-25 17:00:49Z INFO RSAEncryptedFileKeyManager] Loading RSA key parameters from file C:\Users\small\Desktop\Cisco\actions-runner\.credentials_rsaparams
[2023-09-25 17:00:49Z INFO RSAEncryptedFileKeyManager] Loading RSA key parameters from file C:\Users\small\Desktop\Cisco\actions-runner\.credentials_rsaparams
[2023-09-25 17:00:50Z INFO GitHubActionsService] AAD Correlation ID for this token request: Unknown
[2023-09-25 17:00:50Z INFO CommandSettings] Arg 'work': ''
[2023-09-25 17:00:50Z INFO CommandSettings] Flag 'unattended': 'False'
[2023-09-25 17:00:50Z INFO PromptManager] ReadValue
[2023-09-25 17:00:50Z INFO Terminal] WRITE: Enter name of work folder: 
[2023-09-25 17:00:50Z INFO Terminal] WRITE: [press Enter for _work] 
[2023-09-25 17:00:50Z INFO Terminal] READ LINE
[2023-09-25 17:00:52Z INFO Terminal] Read value: ''
[2023-09-25 17:00:52Z INFO PromptManager] Falling back to the default: '_work'
[2023-09-25 17:00:52Z INFO ConfigurationStore] Saving runner settings.
[2023-09-25 17:00:52Z INFO ConfigurationStore] Settings Saved.
[2023-09-25 17:00:52Z INFO Terminal] WRITE LINE: 
[2023-09-25 17:00:52Z INFO Terminal] WRITE LINE: 
[2023-09-25 17:00:52Z INFO CommandSettings] Flag 'runasservice': 'False'
[2023-09-25 17:00:52Z INFO CommandSettings] Flag 'unattended': 'False'
[2023-09-25 17:00:52Z INFO PromptManager] ReadValue
[2023-09-25 17:00:52Z INFO Terminal] WRITE: Would you like to run the runner as service? (Y/N) 
[2023-09-25 17:00:52Z INFO Terminal] WRITE: [press Enter for N] 
[2023-09-25 17:00:52Z INFO Terminal] READ LINE
[2023-09-25 17:00:56Z INFO Terminal] Read value: ''
[2023-09-25 17:00:56Z INFO PromptManager] Falling back to the default: 'N'
[2023-09-25 17:00:56Z INFO Listener] Runner execution has finished with return code 0
